{"total": {"lines":{"total":340,"covered":334,"skipped":0,"pct":98.23},"statements":{"total":1349,"covered":1235,"skipped":0,"pct":91.54},"functions":{"total":334,"covered":300,"skipped":0,"pct":89.82},"branches":{"total":453,"covered":326,"skipped":0,"pct":71.96},"branchesTrue":{"total":0,"covered":0,"skipped":0,"pct":100}}
,"/mnt/data/qingxier_full/server/src/bootstrap.ts": {"lines":{"total":7,"covered":7,"skipped":0,"pct":100},"functions":{"total":1,"covered":1,"skipped":0,"pct":100},"statements":{"total":16,"covered":16,"skipped":0,"pct":100},"branches":{"total":0,"covered":0,"skipped":0,"pct":100}}
,"/mnt/data/qingxier_full/server/src/api/controllers.ts": {"lines":{"total":128,"covered":128,"skipped":0,"pct":100},"functions":{"total":115,"covered":111,"skipped":0,"pct":96.52},"statements":{"total":257,"covered":252,"skipped":0,"pct":98.05},"branches":{"total":31,"covered":15,"skipped":0,"pct":48.38}}
,"/mnt/data/qingxier_full/server/src/api/dto.ts": {"lines":{"total":9,"covered":9,"skipped":0,"pct":100},"functions":{"total":0,"covered":0,"skipped":0,"pct":100},"statements":{"total":177,"covered":177,"skipped":0,"pct":100},"branches":{"total":0,"covered":0,"skipped":0,"pct":100}}
,"/mnt/data/qingxier_full/server/src/api/voice.gateway.ts": {"lines":{"total":27,"covered":27,"skipped":0,"pct":100},"functions":{"total":3,"covered":3,"skipped":0,"pct":100},"statements":{"total":50,"covered":50,"skipped":0,"pct":100},"branches":{"total":42,"covered":34,"skipped":0,"pct":80.95}}
,"/mnt/data/qingxier_full/server/src/application/helpers.ts": {"lines":{"total":1,"covered":1,"skipped":0,"pct":100},"functions":{"total":5,"covered":5,"skipped":0,"pct":100},"statements":{"total":15,"covered":15,"skipped":0,"pct":100},"branches":{"total":0,"covered":0,"skipped":0,"pct":100}}
,"/mnt/data/qingxier_full/server/src/application/platform.service.ts": {"lines":{"total":135,"covered":129,"skipped":0,"pct":95.55},"functions":{"total":118,"covered":111,"skipped":0,"pct":94.06},"statements":{"total":367,"covered":324,"skipped":0,"pct":88.28},"branches":{"total":162,"covered":114,"skipped":0,"pct":70.37}}
,"/mnt/data/qingxier_full/server/src/application/speech.service.ts": {"lines":{"total":5,"covered":5,"skipped":0,"pct":100},"functions":{"total":23,"covered":19,"skipped":0,"pct":82.6},"statements":{"total":151,"covered":124,"skipped":0,"pct":82.11},"branches":{"total":78,"covered":53,"skipped":0,"pct":67.94}}
,"/mnt/data/qingxier_full/server/src/common/auth.ts": {"lines":{"total":7,"covered":7,"skipped":0,"pct":100},"functions":{"total":13,"covered":13,"skipped":0,"pct":100},"statements":{"total":71,"covered":71,"skipped":0,"pct":100},"branches":{"total":23,"covered":19,"skipped":0,"pct":82.6}}
,"/mnt/data/qingxier_full/server/src/common/errors.ts": {"lines":{"total":3,"covered":3,"skipped":0,"pct":100},"functions":{"total":7,"covered":5,"skipped":0,"pct":71.42},"statements":{"total":24,"covered":22,"skipped":0,"pct":91.66},"branches":{"total":6,"covered":1,"skipped":0,"pct":16.66}}
,"/mnt/data/qingxier_full/server/src/common/exception.filter.ts": {"lines":{"total":2,"covered":2,"skipped":0,"pct":100},"functions":{"total":1,"covered":1,"skipped":0,"pct":100},"statements":{"total":50,"covered":40,"skipped":0,"pct":80},"branches":{"total":17,"covered":12,"skipped":0,"pct":70.58}}
,"/mnt/data/qingxier_full/server/src/common/response.interceptor.ts": {"lines":{"total":2,"covered":2,"skipped":0,"pct":100},"functions":{"total":2,"covered":2,"skipped":0,"pct":100},"statements":{"total":10,"covered":9,"skipped":0,"pct":90},"branches":{"total":5,"covered":2,"skipped":0,"pct":40}}
,"/mnt/data/qingxier_full/server/src/common/trace.middleware.ts": {"lines":{"total":2,"covered":2,"skipped":0,"pct":100},"functions":{"total":1,"covered":1,"skipped":0,"pct":100},"statements":{"total":9,"covered":9,"skipped":0,"pct":100},"branches":{"total":4,"covered":4,"skipped":0,"pct":100}}
,"/mnt/data/qingxier_full/server/src/config/app-config.ts": {"lines":{"total":4,"covered":4,"skipped":0,"pct":100},"functions":{"total":1,"covered":1,"skipped":0,"pct":100},"statements":{"total":36,"covered":36,"skipped":0,"pct":100},"branches":{"total":50,"covered":50,"skipped":0,"pct":100}}
,"/mnt/data/qingxier_full/server/src/infrastructure/data-store.ts": {"lines":{"total":5,"covered":5,"skipped":0,"pct":100},"functions":{"total":24,"covered":14,"skipped":0,"pct":58.33},"statements":{"total":77,"covered":57,"skipped":0,"pct":74.02},"branches":{"total":17,"covered":10,"skipped":0,"pct":58.82}}
,"/mnt/data/qingxier_full/server/src/infrastructure/integrations.ts": {"lines":{"total":3,"covered":3,"skipped":0,"pct":100},"functions":{"total":20,"covered":13,"skipped":0,"pct":65},"statements":{"total":39,"covered":33,"skipped":0,"pct":84.61},"branches":{"total":18,"covered":12,"skipped":0,"pct":66.66}}
}
