TN:
SF:src/bootstrap.ts
FN:7,createApplication
FNF:1
FNH:1
FNDA:3,createApplication
DA:1,3
DA:2,3
DA:3,3
DA:4,3
DA:5,3
DA:6,3
DA:7,3
LF:7
LH:7
BRF:0
BRH:0
end_of_record
TN:
SF:src/api/controllers.ts
FN:11,(anonymous_13)
FN:12,(anonymous_14)
FN:13,(anonymous_15)
FN:18,(anonymous_16)
FN:19,(anonymous_17)
FN:20,(anonymous_18)
FN:21,(anonymous_19)
FN:22,(anonymous_20)
FN:23,(anonymous_21)
FN:24,(anonymous_22)
FN:25,(anonymous_23)
FN:26,(anonymous_24)
FN:27,(anonymous_25)
FN:28,(anonymous_26)
FN:29,(anonymous_27)
FN:34,(anonymous_28)
FN:35,(anonymous_29)
FN:36,(anonymous_30)
FN:37,(anonymous_31)
FN:38,(anonymous_32)
FN:39,(anonymous_33)
FN:40,(anonymous_34)
FN:41,(anonymous_35)
FN:42,(anonymous_36)
FN:43,(anonymous_37)
FN:44,(anonymous_38)
FN:45,(anonymous_39)
FN:46,(anonymous_40)
FN:47,(anonymous_41)
FN:48,(anonymous_42)
FN:49,(anonymous_43)
FN:50,(anonymous_44)
FN:51,(anonymous_45)
FN:52,(anonymous_46)
FN:57,(anonymous_47)
FN:58,(anonymous_48)
FN:59,(anonymous_49)
FN:60,(anonymous_50)
FN:61,(anonymous_51)
FN:62,(anonymous_52)
FN:63,(anonymous_53)
FN:64,(anonymous_54)
FN:65,(anonymous_55)
FN:66,(anonymous_56)
FN:67,(anonymous_57)
FN:72,(anonymous_58)
FN:73,(anonymous_59)
FN:74,(anonymous_60)
FN:75,(anonymous_61)
FN:76,(anonymous_62)
FN:77,(anonymous_63)
FN:78,(anonymous_64)
FN:79,(anonymous_65)
FN:80,(anonymous_66)
FN:81,(anonymous_67)
FN:82,(anonymous_68)
FN:83,(anonymous_69)
FN:84,(anonymous_70)
FN:85,(anonymous_71)
FN:86,(anonymous_72)
FN:87,(anonymous_73)
FN:88,(anonymous_74)
FN:89,(anonymous_75)
FN:90,(anonymous_76)
FN:91,(anonymous_77)
FN:92,(anonymous_78)
FN:93,(anonymous_79)
FN:94,(anonymous_80)
FN:95,(anonymous_81)
FN:96,(anonymous_82)
FN:97,(anonymous_83)
FN:98,(anonymous_84)
FN:99,(anonymous_85)
FN:100,(anonymous_86)
FN:101,(anonymous_87)
FN:102,(anonymous_88)
FN:107,(anonymous_89)
FN:108,(anonymous_90)
FN:109,(anonymous_91)
FN:110,(anonymous_92)
FN:111,(anonymous_93)
FN:112,(anonymous_94)
FN:113,(anonymous_95)
FN:114,(anonymous_96)
FN:115,(anonymous_97)
FN:116,(anonymous_98)
FN:117,(anonymous_99)
FN:118,(anonymous_100)
FN:119,(anonymous_101)
FN:120,(anonymous_102)
FN:121,(anonymous_103)
FN:127,(anonymous_104)
FN:128,(anonymous_105)
FN:129,(anonymous_106)
FN:130,(anonymous_107)
FN:131,(anonymous_108)
FN:132,(anonymous_109)
FN:133,(anonymous_110)
FN:134,(anonymous_111)
FN:135,(anonymous_112)
FN:136,(anonymous_113)
FN:137,(anonymous_114)
FN:138,(anonymous_115)
FN:139,(anonymous_116)
FN:140,(anonymous_117)
FN:141,(anonymous_118)
FN:142,(anonymous_119)
FN:143,(anonymous_120)
FN:144,(anonymous_121)
FN:145,(anonymous_122)
FN:146,(anonymous_123)
FN:151,(anonymous_124)
FN:152,(anonymous_125)
FN:153,(anonymous_126)
FN:154,(anonymous_127)
FNF:115
FNH:111
FNDA:3,(anonymous_13)
FNDA:2,(anonymous_14)
FNDA:1,(anonymous_15)
FNDA:3,(anonymous_16)
FNDA:1,(anonymous_17)
FNDA:1,(anonymous_18)
FNDA:2,(anonymous_19)
FNDA:1,(anonymous_20)
FNDA:1,(anonymous_21)
FNDA:1,(anonymous_22)
FNDA:0,(anonymous_23)
FNDA:1,(anonymous_24)
FNDA:3,(anonymous_25)
FNDA:1,(anonymous_26)
FNDA:2,(anonymous_27)
FNDA:3,(anonymous_28)
FNDA:2,(anonymous_29)
FNDA:1,(anonymous_30)
FNDA:1,(anonymous_31)
FNDA:2,(anonymous_32)
FNDA:1,(anonymous_33)
FNDA:0,(anonymous_34)
FNDA:1,(anonymous_35)
FNDA:1,(anonymous_36)
FNDA:3,(anonymous_37)
FNDA:4,(anonymous_38)
FNDA:1,(anonymous_39)
FNDA:5,(anonymous_40)
FNDA:4,(anonymous_41)
FNDA:3,(anonymous_42)
FNDA:2,(anonymous_43)
FNDA:1,(anonymous_44)
FNDA:1,(anonymous_45)
FNDA:5,(anonymous_46)
FNDA:3,(anonymous_47)
FNDA:2,(anonymous_48)
FNDA:1,(anonymous_49)
FNDA:1,(anonymous_50)
FNDA:1,(anonymous_51)
FNDA:1,(anonymous_52)
FNDA:2,(anonymous_53)
FNDA:2,(anonymous_54)
FNDA:1,(anonymous_55)
FNDA:1,(anonymous_56)
FNDA:1,(anonymous_57)
FNDA:3,(anonymous_58)
FNDA:1,(anonymous_59)
FNDA:6,(anonymous_60)
FNDA:3,(anonymous_61)
FNDA:1,(anonymous_62)
FNDA:2,(anonymous_63)
FNDA:1,(anonymous_64)
FNDA:1,(anonymous_65)
FNDA:3,(anonymous_66)
FNDA:1,(anonymous_67)
FNDA:1,(anonymous_68)
FNDA:1,(anonymous_69)
FNDA:1,(anonymous_70)
FNDA:1,(anonymous_71)
FNDA:1,(anonymous_72)
FNDA:1,(anonymous_73)
FNDA:1,(anonymous_74)
FNDA:1,(anonymous_75)
FNDA:2,(anonymous_76)
FNDA:1,(anonymous_77)
FNDA:1,(anonymous_78)
FNDA:1,(anonymous_79)
FNDA:1,(anonymous_80)
FNDA:1,(anonymous_81)
FNDA:1,(anonymous_82)
FNDA:2,(anonymous_83)
FNDA:1,(anonymous_84)
FNDA:0,(anonymous_85)
FNDA:3,(anonymous_86)
FNDA:1,(anonymous_87)
FNDA:1,(anonymous_88)
FNDA:3,(anonymous_89)
FNDA:1,(anonymous_90)
FNDA:2,(anonymous_91)
FNDA:1,(anonymous_92)
FNDA:1,(anonymous_93)
FNDA:1,(anonymous_94)
FNDA:1,(anonymous_95)
FNDA:1,(anonymous_96)
FNDA:1,(anonymous_97)
FNDA:1,(anonymous_98)
FNDA:2,(anonymous_99)
FNDA:3,(anonymous_100)
FNDA:1,(anonymous_101)
FNDA:1,(anonymous_102)
FNDA:1,(anonymous_103)
FNDA:3,(anonymous_104)
FNDA:1,(anonymous_105)
FNDA:1,(anonymous_106)
FNDA:1,(anonymous_107)
FNDA:1,(anonymous_108)
FNDA:1,(anonymous_109)
FNDA:1,(anonymous_110)
FNDA:1,(anonymous_111)
FNDA:1,(anonymous_112)
FNDA:1,(anonymous_113)
FNDA:1,(anonymous_114)
FNDA:2,(anonymous_115)
FNDA:0,(anonymous_116)
FNDA:3,(anonymous_117)
FNDA:1,(anonymous_118)
FNDA:1,(anonymous_119)
FNDA:1,(anonymous_120)
FNDA:1,(anonymous_121)
FNDA:1,(anonymous_122)
FNDA:1,(anonymous_123)
FNDA:3,(anonymous_124)
FNDA:1,(anonymous_125)
FNDA:1,(anonymous_126)
FNDA:1,(anonymous_127)
DA:1,3
DA:3,3
DA:5,3
DA:6,3
DA:7,3
DA:10,3
DA:11,3
DA:12,3
DA:13,3
DA:17,3
DA:18,3
DA:19,3
DA:20,3
DA:21,3
DA:22,3
DA:23,3
DA:24,3
DA:25,3
DA:26,3
DA:27,3
DA:28,3
DA:29,3
DA:33,3
DA:34,3
DA:35,3
DA:36,3
DA:37,3
DA:38,3
DA:39,3
DA:40,3
DA:41,3
DA:42,3
DA:43,3
DA:44,4
DA:45,3
DA:46,5
DA:47,4
DA:48,3
DA:49,3
DA:50,3
DA:51,3
DA:52,5
DA:56,3
DA:57,3
DA:58,3
DA:59,3
DA:60,3
DA:61,3
DA:62,3
DA:63,3
DA:64,3
DA:65,3
DA:66,3
DA:67,3
DA:71,3
DA:72,3
DA:73,3
DA:74,6
DA:75,3
DA:76,3
DA:77,3
DA:78,3
DA:79,3
DA:80,3
DA:81,3
DA:82,3
DA:83,3
DA:84,3
DA:85,3
DA:86,3
DA:87,3
DA:88,3
DA:89,3
DA:90,3
DA:91,3
DA:92,3
DA:93,3
DA:94,3
DA:95,3
DA:96,3
DA:97,3
DA:98,3
DA:99,3
DA:100,3
DA:101,3
DA:102,3
DA:106,3
DA:107,3
DA:108,3
DA:109,3
DA:110,3
DA:111,3
DA:112,3
DA:113,3
DA:114,3
DA:115,3
DA:116,3
DA:117,3
DA:118,3
DA:119,3
DA:120,3
DA:121,3
DA:126,3
DA:127,3
DA:128,3
DA:129,3
DA:130,3
DA:131,3
DA:132,3
DA:133,3
DA:134,3
DA:135,3
DA:136,3
DA:137,3
DA:138,3
DA:139,3
DA:140,3
DA:141,3
DA:142,3
DA:143,3
DA:144,3
DA:145,3
DA:146,3
DA:150,3
DA:151,3
DA:152,3
DA:153,3
DA:154,3
LF:128
LH:128
BRDA:13,0,0,0
BRDA:41,1,0,1
BRDA:41,1,1,0
BRDA:44,2,0,4
BRDA:44,2,1,0
BRDA:48,3,0,3
BRDA:48,3,1,0
BRDA:52,4,0,5
BRDA:52,4,1,0
BRDA:58,5,0,2
BRDA:58,5,1,0
BRDA:93,6,0,1
BRDA:93,6,1,0
BRDA:95,7,0,1
BRDA:95,7,1,0
BRDA:130,8,0,1
BRDA:130,8,1,0
BRDA:134,9,0,1
BRDA:134,9,1,0
BRDA:135,10,0,1
BRDA:135,10,1,0
BRDA:136,11,0,1
BRDA:136,11,1,0
BRDA:138,12,0,2
BRDA:138,12,1,0
BRDA:140,13,0,3
BRDA:140,13,1,0
BRDA:142,14,0,1
BRDA:142,14,1,0
BRDA:154,15,0,1
BRDA:154,15,1,0
BRF:31
BRH:15
end_of_record
TN:
SF:src/api/dto.ts
FNF:0
FNH:0
DA:1,3
DA:2,3
DA:3,3
DA:4,3
DA:5,3
DA:6,3
DA:7,3
DA:8,3
DA:9,3
LF:9
LH:9
BRF:0
BRH:0
end_of_record
TN:
SF:src/api/voice.gateway.ts
FN:13,(anonymous_2)
FN:14,(anonymous_3)
FN:21,(anonymous_4)
FNF:3
FNH:3
FNDA:7,(anonymous_2)
FNDA:5,(anonymous_3)
FNDA:10,(anonymous_4)
DA:1,4
DA:2,4
DA:4,4
DA:5,4
DA:6,4
DA:11,4
DA:12,4
DA:13,7
DA:15,5
DA:16,5
DA:17,5
DA:18,5
DA:19,3
DA:20,3
DA:21,3
DA:22,10
DA:23,10
DA:24,9
DA:25,8
DA:26,7
DA:27,6
DA:28,5
DA:29,4
DA:30,3
DA:31,2
DA:32,1
DA:33,3
LF:27
LH:27
BRDA:15,0,0,5
BRDA:15,0,1,0
BRDA:16,1,0,5
BRDA:16,1,1,3
BRDA:16,1,2,1
BRDA:18,2,0,2
BRDA:18,3,0,5
BRDA:18,3,1,4
BRDA:19,4,0,3
BRDA:19,4,1,2
BRDA:20,5,0,3
BRDA:20,5,1,2
BRDA:24,6,0,1
BRDA:25,7,0,1
BRDA:25,8,0,1
BRDA:25,8,1,1
BRDA:25,9,0,1
BRDA:25,9,1,0
BRDA:25,10,0,1
BRDA:25,10,1,0
BRDA:25,11,0,1
BRDA:25,11,1,0
BRDA:26,12,0,1
BRDA:27,13,0,1
BRDA:27,14,0,1
BRDA:27,14,1,0
BRDA:28,15,0,1
BRDA:28,16,0,1
BRDA:28,16,1,0
BRDA:29,17,0,1
BRDA:30,18,0,1
BRDA:30,19,0,1
BRDA:30,19,1,0
BRDA:30,20,0,1
BRDA:30,20,1,1
BRDA:31,21,0,1
BRDA:33,22,0,3
BRDA:33,22,1,3
BRDA:33,23,0,3
BRDA:33,23,1,3
BRDA:33,24,0,3
BRDA:33,24,1,0
BRF:42
BRH:34
end_of_record
TN:
SF:src/application/helpers.ts
FN:1,(anonymous_0)
FN:1,(anonymous_1)
FN:1,(anonymous_2)
FN:1,(anonymous_3)
FN:1,(anonymous_4)
FNF:5
FNH:5
FNDA:53,(anonymous_0)
FNDA:78,(anonymous_1)
FNDA:50,(anonymous_2)
FNDA:13,(anonymous_3)
FNDA:1,(anonymous_4)
DA:1,78
LF:1
LH:1
BRF:0
BRH:0
end_of_record
TN:
SF:src/application/platform.service.ts
FN:13,(anonymous_4)
FN:22,(anonymous_5)
FN:23,(anonymous_6)
FN:28,(anonymous_7)
FN:34,(anonymous_8)
FN:35,(anonymous_9)
FN:36,(anonymous_10)
FN:37,(anonymous_11)
FN:38,(anonymous_12)
FN:39,(anonymous_13)
FN:41,(anonymous_14)
FN:42,(anonymous_15)
FN:43,(anonymous_16)
FN:44,(anonymous_17)
FN:46,(anonymous_18)
FN:50,(anonymous_19)
FN:52,(anonymous_20)
FN:57,(anonymous_21)
FN:58,(anonymous_22)
FN:63,(anonymous_23)
FN:64,(anonymous_24)
FN:74,(anonymous_25)
FN:75,(anonymous_26)
FN:77,(anonymous_27)
FN:78,(anonymous_28)
FN:79,(anonymous_29)
FN:80,(anonymous_30)
FN:81,(anonymous_31)
FN:82,(anonymous_32)
FN:84,(anonymous_33)
FN:85,(anonymous_34)
FN:87,(anonymous_35)
FN:90,(anonymous_36)
FN:91,(anonymous_37)
FN:91,(anonymous_38)
FN:92,(anonymous_39)
FN:93,(anonymous_40)
FN:93,(anonymous_41)
FN:94,(anonymous_42)
FN:102,(anonymous_43)
FN:104,(anonymous_44)
FN:104,(anonymous_45)
FN:104,(anonymous_46)
FN:104,(anonymous_47)
FN:105,(anonymous_48)
FN:105,(anonymous_49)
FN:106,(anonymous_50)
FN:107,(anonymous_51)
FN:108,(anonymous_52)
FN:109,(anonymous_53)
FN:110,(anonymous_54)
FN:111,(anonymous_55)
FN:112,(anonymous_56)
FN:113,(anonymous_57)
FN:115,(anonymous_58)
FN:116,(anonymous_59)
FN:117,(anonymous_60)
FN:117,(anonymous_61)
FN:118,(anonymous_62)
FN:120,(anonymous_63)
FN:121,(anonymous_64)
FN:122,(anonymous_65)
FN:123,(anonymous_66)
FN:123,(anonymous_67)
FN:124,(anonymous_68)
FN:125,(anonymous_69)
FN:126,(anonymous_70)
FN:128,(anonymous_71)
FN:128,(anonymous_72)
FN:128,(anonymous_73)
FN:128,(anonymous_74)
FN:129,(anonymous_75)
FN:130,(anonymous_76)
FN:130,(anonymous_77)
FN:131,(anonymous_78)
FN:132,(anonymous_79)
FN:134,(anonymous_80)
FN:135,(anonymous_81)
FN:136,(anonymous_82)
FN:137,(anonymous_83)
FN:138,(anonymous_84)
FN:139,(anonymous_85)
FN:140,(anonymous_86)
FN:141,(anonymous_87)
FN:142,(anonymous_88)
FN:142,(anonymous_89)
FN:143,(anonymous_90)
FN:145,(anonymous_91)
FN:145,(anonymous_92)
FN:146,(anonymous_93)
FN:148,(anonymous_94)
FN:148,(anonymous_95)
FN:148,(anonymous_96)
FN:148,(anonymous_97)
FN:149,(anonymous_98)
FN:150,(anonymous_99)
FN:151,(anonymous_100)
FN:151,(anonymous_101)
FN:152,(anonymous_102)
FN:153,(anonymous_103)
FN:154,(anonymous_104)
FN:155,(anonymous_105)
FN:156,(anonymous_106)
FN:157,(anonymous_107)
FN:157,(anonymous_108)
FN:158,(anonymous_109)
FN:159,(anonymous_110)
FN:160,(anonymous_111)
FN:161,(anonymous_112)
FN:162,(anonymous_113)
FN:163,(anonymous_114)
FN:164,(anonymous_115)
FN:165,(anonymous_116)
FN:167,(anonymous_117)
FN:168,(anonymous_118)
FN:169,(anonymous_119)
FN:170,(anonymous_120)
FN:171,(anonymous_121)
FNF:118
FNH:111
FNDA:3,(anonymous_4)
FNDA:2,(anonymous_5)
FNDA:1,(anonymous_6)
FNDA:1,(anonymous_7)
FNDA:1,(anonymous_8)
FNDA:2,(anonymous_9)
FNDA:3,(anonymous_10)
FNDA:1,(anonymous_11)
FNDA:1,(anonymous_12)
FNDA:0,(anonymous_13)
FNDA:1,(anonymous_14)
FNDA:3,(anonymous_15)
FNDA:1,(anonymous_16)
FNDA:2,(anonymous_17)
FNDA:2,(anonymous_18)
FNDA:1,(anonymous_19)
FNDA:1,(anonymous_20)
FNDA:2,(anonymous_21)
FNDA:2,(anonymous_22)
FNDA:3,(anonymous_23)
FNDA:1,(anonymous_24)
FNDA:0,(anonymous_25)
FNDA:1,(anonymous_26)
FNDA:4,(anonymous_27)
FNDA:2,(anonymous_28)
FNDA:2,(anonymous_29)
FNDA:1,(anonymous_30)
FNDA:1,(anonymous_31)
FNDA:1,(anonymous_32)
FNDA:1,(anonymous_33)
FNDA:6,(anonymous_34)
FNDA:1,(anonymous_35)
FNDA:4,(anonymous_36)
FNDA:2,(anonymous_37)
FNDA:2,(anonymous_38)
FNDA:1,(anonymous_39)
FNDA:2,(anonymous_40)
FNDA:1,(anonymous_41)
FNDA:3,(anonymous_42)
FNDA:1,(anonymous_43)
FNDA:1,(anonymous_44)
FNDA:3,(anonymous_45)
FNDA:3,(anonymous_46)
FNDA:9,(anonymous_47)
FNDA:1,(anonymous_48)
FNDA:3,(anonymous_49)
FNDA:2,(anonymous_50)
FNDA:1,(anonymous_51)
FNDA:1,(anonymous_52)
FNDA:1,(anonymous_53)
FNDA:2,(anonymous_54)
FNDA:3,(anonymous_55)
FNDA:2,(anonymous_56)
FNDA:1,(anonymous_57)
FNDA:4,(anonymous_58)
FNDA:1,(anonymous_59)
FNDA:1,(anonymous_60)
FNDA:2,(anonymous_61)
FNDA:1,(anonymous_62)
FNDA:1,(anonymous_63)
FNDA:2,(anonymous_64)
FNDA:3,(anonymous_65)
FNDA:3,(anonymous_66)
FNDA:0,(anonymous_67)
FNDA:2,(anonymous_68)
FNDA:1,(anonymous_69)
FNDA:1,(anonymous_70)
FNDA:1,(anonymous_71)
FNDA:2,(anonymous_72)
FNDA:0,(anonymous_73)
FNDA:0,(anonymous_74)
FNDA:2,(anonymous_75)
FNDA:3,(anonymous_76)
FNDA:1,(anonymous_77)
FNDA:1,(anonymous_78)
FNDA:1,(anonymous_79)
FNDA:1,(anonymous_80)
FNDA:1,(anonymous_81)
FNDA:2,(anonymous_82)
FNDA:2,(anonymous_83)
FNDA:3,(anonymous_84)
FNDA:1,(anonymous_85)
FNDA:1,(anonymous_86)
FNDA:1,(anonymous_87)
FNDA:1,(anonymous_88)
FNDA:0,(anonymous_89)
FNDA:1,(anonymous_90)
FNDA:2,(anonymous_91)
FNDA:1,(anonymous_92)
FNDA:1,(anonymous_93)
FNDA:1,(anonymous_94)
FNDA:5,(anonymous_95)
FNDA:2,(anonymous_96)
FNDA:1,(anonymous_97)
FNDA:1,(anonymous_98)
FNDA:1,(anonymous_99)
FNDA:1,(anonymous_100)
FNDA:2,(anonymous_101)
FNDA:1,(anonymous_102)
FNDA:1,(anonymous_103)
FNDA:1,(anonymous_104)
FNDA:1,(anonymous_105)
FNDA:1,(anonymous_106)
FNDA:1,(anonymous_107)
FNDA:1,(anonymous_108)
FNDA:2,(anonymous_109)
FNDA:0,(anonymous_110)
FNDA:3,(anonymous_111)
FNDA:1,(anonymous_112)
FNDA:1,(anonymous_113)
FNDA:1,(anonymous_114)
FNDA:1,(anonymous_115)
FNDA:1,(anonymous_116)
FNDA:14,(anonymous_117)
FNDA:2,(anonymous_118)
FNDA:8,(anonymous_119)
FNDA:2,(anonymous_120)
FNDA:8,(anonymous_121)
DA:1,3
DA:2,3
DA:3,3
DA:4,3
DA:6,3
DA:7,3
DA:8,3
DA:9,3
DA:12,3
DA:14,3
DA:15,3
DA:16,3
DA:17,3
DA:18,3
DA:19,3
DA:22,2
DA:24,1
DA:25,0
DA:29,1
DA:30,1
DA:31,1
DA:32,1
DA:34,1
DA:35,2
DA:36,3
DA:37,1
DA:38,1
DA:39,0
DA:41,1
DA:42,3
DA:43,1
DA:44,2
DA:47,2
DA:48,1
DA:51,1
DA:52,1
DA:53,1
DA:54,0
DA:55,0
DA:58,2
DA:59,2
DA:60,2
DA:61,2
DA:63,3
DA:65,1
DA:66,1
DA:67,1
DA:68,1
DA:69,1
DA:70,1
DA:72,1
DA:74,0
DA:75,1
DA:77,4
DA:78,2
DA:79,2
DA:80,1
DA:81,1
DA:82,1
DA:84,1
DA:86,6
DA:87,4
DA:88,4
DA:90,4
DA:91,2
DA:92,1
DA:93,2
DA:95,3
DA:96,3
DA:97,2
DA:98,2
DA:99,2
DA:100,2
DA:102,1
DA:104,9
DA:105,3
DA:106,2
DA:107,1
DA:108,1
DA:109,1
DA:110,2
DA:111,3
DA:112,2
DA:113,1
DA:115,4
DA:116,1
DA:117,2
DA:118,1
DA:120,1
DA:121,2
DA:122,3
DA:123,3
DA:124,2
DA:125,1
DA:126,1
DA:128,2
DA:129,2
DA:130,3
DA:131,1
DA:132,1
DA:134,1
DA:135,1
DA:136,2
DA:137,2
DA:138,3
DA:139,1
DA:140,1
DA:141,1
DA:142,1
DA:143,1
DA:145,2
DA:146,1
DA:148,5
DA:149,1
DA:150,1
DA:151,2
DA:152,1
DA:153,1
DA:154,1
DA:155,1
DA:156,1
DA:157,1
DA:158,2
DA:159,0
DA:160,3
DA:161,1
DA:162,1
DA:163,1
DA:164,1
DA:165,1
DA:167,14
DA:168,2
DA:169,8
DA:170,2
DA:171,8
LF:135
LH:129
BRDA:24,0,0,1
BRDA:24,0,1,0
BRDA:25,1,0,0
BRDA:25,1,1,0
BRDA:30,2,0,1
BRDA:30,2,1,0
BRDA:31,3,0,0
BRDA:35,4,0,1
BRDA:35,5,0,2
BRDA:35,5,1,2
BRDA:36,6,0,0
BRDA:42,7,0,1
BRDA:43,8,0,1
BRDA:47,9,0,1
BRDA:51,10,0,0
BRDA:53,11,0,1
BRDA:53,12,0,1
BRDA:53,12,1,1
BRDA:54,13,0,0
BRDA:60,14,0,2
BRDA:60,15,0,2
BRDA:60,15,1,2
BRDA:63,16,0,0
BRDA:63,17,0,2
BRDA:63,17,1,2
BRDA:66,18,0,1
BRDA:67,19,0,1
BRDA:67,20,0,1
BRDA:67,20,1,1
BRDA:69,21,0,1
BRDA:69,21,1,1
BRDA:69,22,0,1
BRDA:69,22,1,0
BRDA:70,23,0,1
BRDA:70,23,1,1
BRDA:70,24,0,1
BRDA:70,24,1,0
BRDA:75,25,0,1
BRDA:75,25,1,1
BRDA:78,26,0,2
BRDA:78,26,1,2
BRDA:79,27,0,0
BRDA:79,27,1,1
BRDA:81,28,0,1
BRDA:81,28,1,1
BRDA:86,29,0,1
BRDA:86,30,0,1
BRDA:87,31,0,0
BRDA:90,32,0,0
BRDA:90,33,0,4
BRDA:90,33,1,4
BRDA:90,33,2,4
BRDA:90,34,0,3
BRDA:90,34,1,1
BRDA:90,35,0,4
BRDA:90,35,1,3
BRDA:91,36,0,2
BRDA:91,36,1,2
BRDA:92,37,0,0
BRDA:92,38,0,1
BRDA:92,38,1,1
BRDA:93,39,0,1
BRDA:93,39,1,1
BRDA:95,40,0,0
BRDA:95,41,0,3
BRDA:95,41,1,3
BRDA:95,41,2,3
BRDA:96,42,0,1
BRDA:96,43,0,3
BRDA:96,43,1,2
BRDA:96,44,0,0
BRDA:96,45,0,2
BRDA:96,45,1,1
BRDA:97,46,0,2
BRDA:97,46,1,1
BRDA:97,47,0,0
BRDA:98,48,0,2
BRDA:98,48,1,0
BRDA:100,49,0,1
BRDA:102,50,0,0
BRDA:102,51,0,1
BRDA:102,51,1,1
BRDA:105,52,0,3
BRDA:105,52,1,3
BRDA:107,53,0,0
BRDA:107,54,0,1
BRDA:107,54,1,0
BRDA:115,55,0,0
BRDA:117,56,0,0
BRDA:121,57,0,2
BRDA:121,58,0,1
BRDA:121,59,0,2
BRDA:121,59,1,1
BRDA:121,60,0,0
BRDA:121,61,0,1
BRDA:121,61,1,0
BRDA:126,62,0,0
BRDA:128,63,0,0
BRDA:128,63,1,0
BRDA:128,64,0,0
BRDA:128,64,1,0
BRDA:129,65,0,0
BRDA:129,66,0,1
BRDA:129,67,0,1
BRDA:132,68,0,0
BRDA:132,69,0,1
BRDA:132,69,1,1
BRDA:132,70,0,1
BRDA:137,71,0,0
BRDA:137,72,0,1
BRDA:137,72,1,1
BRDA:138,73,0,0
BRDA:138,74,0,1
BRDA:138,75,0,1
BRDA:138,75,1,1
BRDA:138,76,0,1
BRDA:138,77,0,2
BRDA:138,77,1,1
BRDA:141,78,0,0
BRDA:141,79,0,1
BRDA:141,79,1,1
BRDA:141,80,0,0
BRDA:145,81,0,2
BRDA:145,82,0,0
BRDA:145,83,0,2
BRDA:145,83,1,0
BRDA:145,84,0,0
BRDA:145,85,0,1
BRDA:145,85,1,1
BRDA:145,86,0,1
BRDA:145,86,1,1
BRDA:145,87,0,1
BRDA:145,87,1,1
BRDA:146,88,0,0
BRDA:154,89,0,1
BRDA:154,89,1,0
BRDA:157,90,0,1
BRDA:157,90,1,1
BRDA:157,91,0,1
BRDA:157,91,1,1
BRDA:157,92,0,1
BRDA:157,92,1,1
BRDA:158,93,0,2
BRDA:158,94,0,1
BRDA:158,95,0,0
BRDA:158,95,1,1
BRDA:158,96,0,1
BRDA:158,96,1,0
BRDA:158,97,0,1
BRDA:158,97,1,0
BRDA:158,98,0,1
BRDA:158,98,1,1
BRDA:160,99,0,1
BRDA:167,100,0,2
BRDA:167,101,0,14
BRDA:167,101,1,13
BRDA:169,102,0,8
BRDA:169,102,1,0
BRDA:169,103,0,8
BRDA:169,103,1,0
BRDA:169,104,0,0
BRDA:170,105,0,1
BRF:162
BRH:114
end_of_record
TN:
SF:src/application/speech.service.ts
FN:2,(anonymous_4)
FN:3,(anonymous_5)
FN:3,(anonymous_6)
FN:3,(anonymous_7)
FN:3,(anonymous_8)
FN:3,(anonymous_9)
FN:3,(anonymous_10)
FN:4,(anonymous_11)
FN:4,(anonymous_12)
FN:4,(anonymous_13)
FN:5,(anonymous_14)
FN:5,(anonymous_15)
FN:5,(anonymous_16)
FN:5,(anonymous_17)
FN:5,(anonymous_18)
FN:5,(anonymous_19)
FN:5,(anonymous_20)
FN:5,(anonymous_21)
FN:5,(anonymous_22)
FN:5,(anonymous_23)
FN:5,(anonymous_24)
FN:5,(anonymous_25)
FN:5,(anonymous_26)
FNF:23
FNH:19
FNDA:3,(anonymous_4)
FNDA:28,(anonymous_5)
FNDA:27,(anonymous_6)
FNDA:1,(anonymous_7)
FNDA:6,(anonymous_8)
FNDA:4,(anonymous_9)
FNDA:1,(anonymous_10)
FNDA:7,(anonymous_11)
FNDA:4,(anonymous_12)
FNDA:5,(anonymous_13)
FNDA:2,(anonymous_14)
FNDA:1,(anonymous_15)
FNDA:1,(anonymous_16)
FNDA:1,(anonymous_17)
FNDA:1,(anonymous_18)
FNDA:0,(anonymous_19)
FNDA:0,(anonymous_20)
FNDA:1,(anonymous_21)
FNDA:5,(anonymous_22)
FNDA:1,(anonymous_23)
FNDA:0,(anonymous_24)
FNDA:0,(anonymous_25)
FNDA:9,(anonymous_26)
DA:1,4
DA:2,4
DA:3,28
DA:4,7
DA:5,9
LF:5
LH:5
BRDA:3,0,0,1
BRDA:3,1,0,6
BRDA:3,2,0,0
BRDA:3,3,0,6
BRDA:3,3,1,0
BRDA:3,4,0,0
BRDA:3,5,0,1
BRDA:3,6,0,1
BRDA:3,7,0,1
BRDA:4,8,0,1
BRDA:4,9,0,0
BRDA:4,10,0,0
BRDA:4,11,0,1
BRDA:4,11,1,2
BRDA:4,12,0,1
BRDA:4,12,1,1
BRDA:4,13,0,2
BRDA:4,13,1,1
BRDA:4,13,2,0
BRDA:4,14,0,1
BRDA:4,14,1,0
BRDA:4,15,0,0
BRDA:4,16,0,1
BRDA:4,17,0,5
BRDA:4,17,1,1
BRDA:4,18,0,1
BRDA:4,19,0,4
BRDA:4,19,1,1
BRDA:4,20,0,1
BRDA:4,21,0,3
BRDA:4,21,1,3
BRDA:4,22,0,3
BRDA:4,22,1,0
BRDA:4,23,0,3
BRDA:4,23,1,0
BRDA:4,24,0,3
BRDA:4,24,1,0
BRDA:4,25,0,0
BRDA:5,26,0,0
BRDA:5,26,1,2
BRDA:5,27,0,2
BRDA:5,28,0,2
BRDA:5,28,1,0
BRDA:5,29,0,0
BRDA:5,30,0,1
BRDA:5,30,1,1
BRDA:5,31,0,1
BRDA:5,31,1,0
BRDA:5,32,0,2
BRDA:5,32,1,0
BRDA:5,33,0,2
BRDA:5,33,1,0
BRDA:5,34,0,1
BRDA:5,34,1,1
BRDA:5,35,0,2
BRDA:5,35,1,0
BRDA:5,36,0,1
BRDA:5,36,1,1
BRDA:5,37,0,0
BRDA:5,38,0,1
BRDA:5,38,1,1
BRDA:5,39,0,1
BRDA:5,40,0,5
BRDA:5,40,1,3
BRDA:5,40,2,3
BRDA:5,41,0,2
BRDA:5,42,0,1
BRDA:5,43,0,1
BRDA:5,44,0,2
BRDA:5,44,1,1
BRDA:5,45,0,0
BRDA:5,45,1,0
BRDA:5,46,0,0
BRDA:5,46,1,0
BRDA:5,47,0,1
BRDA:5,48,0,0
BRDA:5,49,0,8
BRDA:5,49,1,8
BRF:78
BRH:53
end_of_record
TN:
SF:src/common/auth.ts
FN:2,(anonymous_3)
FN:2,(anonymous_4)
FN:2,(anonymous_5)
FN:2,(anonymous_6)
FN:4,(anonymous_7)
FN:4,(anonymous_8)
FN:4,(anonymous_9)
FN:5,(anonymous_10)
FN:5,(anonymous_11)
FN:6,(anonymous_12)
FN:6,(anonymous_13)
FN:7,(anonymous_14)
FN:7,(anonymous_15)
FNF:13
FNH:13
FNDA:24,(anonymous_3)
FNDA:243,(anonymous_4)
FNDA:24,(anonymous_5)
FNDA:123,(anonymous_6)
FNDA:5,(anonymous_7)
FNDA:154,(anonymous_8)
FNDA:4,(anonymous_9)
FNDA:3,(anonymous_10)
FNDA:157,(anonymous_11)
FNDA:3,(anonymous_12)
FNDA:156,(anonymous_13)
FNDA:3,(anonymous_14)
FNDA:155,(anonymous_15)
DA:1,4
DA:2,243
DA:3,4
DA:4,154
DA:5,157
DA:6,156
DA:7,155
LF:7
LH:7
BRDA:4,0,0,3
BRDA:4,1,0,148
BRDA:4,2,0,1
BRDA:4,3,0,1
BRDA:4,3,1,0
BRDA:4,4,0,3
BRDA:4,5,0,3
BRDA:4,6,0,3
BRDA:4,6,1,0
BRDA:4,7,0,0
BRDA:4,7,1,0
BRDA:5,8,0,12
BRDA:5,9,0,145
BRDA:5,9,1,131
BRDA:5,10,0,1
BRDA:6,11,0,12
BRDA:6,12,0,1
BRDA:6,13,0,144
BRDA:6,13,1,144
BRDA:7,14,0,139
BRDA:7,15,0,1
BRDA:7,16,0,16
BRDA:7,16,1,16
BRF:23
BRH:19
end_of_record
TN:
SF:src/common/errors.ts
FN:2,(anonymous_0)
FN:3,(anonymous_1)
FN:3,(anonymous_2)
FN:3,(anonymous_3)
FN:3,(anonymous_4)
FN:3,(anonymous_5)
FN:3,(anonymous_6)
FNF:7
FNH:5
FNDA:24,(anonymous_0)
FNDA:7,(anonymous_1)
FNDA:0,(anonymous_2)
FNDA:5,(anonymous_3)
FNDA:6,(anonymous_4)
FNDA:6,(anonymous_5)
FNDA:0,(anonymous_6)
DA:1,5
DA:2,24
DA:3,7
LF:3
LH:3
BRDA:3,0,0,0
BRDA:3,1,0,0
BRDA:3,2,0,0
BRDA:3,3,0,3
BRDA:3,4,0,0
BRDA:3,5,0,0
BRF:6
BRH:1
end_of_record
TN:
SF:src/common/exception.filter.ts
FN:2,(anonymous_1)
FNF:1
FNH:1
FNDA:30,(anonymous_1)
DA:1,3
DA:2,30
LF:2
LH:2
BRDA:2,0,0,24
BRDA:2,0,1,6
BRDA:2,1,0,6
BRDA:2,2,0,2
BRDA:2,2,1,4
BRDA:2,3,0,0
BRDA:2,3,1,4
BRDA:2,4,0,1
BRDA:2,4,1,3
BRDA:2,5,0,1
BRDA:2,5,1,2
BRDA:2,6,0,2
BRDA:2,6,1,0
BRDA:2,7,0,0
BRDA:2,7,1,0
BRDA:2,8,0,30
BRDA:2,8,1,0
BRF:17
BRH:12
end_of_record
TN:
SF:src/common/response.interceptor.ts
FN:2,(anonymous_1)
FN:2,(anonymous_2)
FNF:2
FNH:2
FNDA:154,(anonymous_1)
FNDA:129,(anonymous_2)
DA:1,3
DA:2,154
LF:2
LH:2
BRDA:2,0,0,0
BRDA:2,1,0,129
BRDA:2,1,1,0
BRDA:2,2,0,129
BRDA:2,2,1,0
BRF:5
BRH:2
end_of_record
TN:
SF:src/common/trace.middleware.ts
FN:2,(anonymous_1)
FNF:1
FNH:1
FNDA:159,(anonymous_1)
DA:1,3
DA:2,159
LF:2
LH:2
BRDA:2,0,0,159
BRDA:2,0,1,158
BRDA:2,1,0,1
BRDA:2,1,1,158
BRF:4
BRH:4
end_of_record
TN:
SF:src/config/app-config.ts
FN:5,(anonymous_1)
FNF:1
FNH:1
FNDA:11,(anonymous_1)
DA:1,5
DA:3,5
DA:4,16
DA:5,11
LF:4
LH:4
BRDA:4,0,0,16
BRDA:4,0,1,13
BRDA:4,1,0,16
BRDA:4,1,1,15
BRDA:4,2,0,16
BRDA:4,2,1,9
BRDA:4,3,0,16
BRDA:4,3,1,14
BRDA:4,4,0,16
BRDA:4,4,1,15
BRDA:4,5,0,16
BRDA:4,5,1,12
BRDA:4,6,0,16
BRDA:4,6,1,16
BRDA:4,7,0,16
BRDA:4,7,1,11
BRDA:4,8,0,16
BRDA:4,8,1,16
BRDA:4,9,0,16
BRDA:4,9,1,8
BRDA:4,10,0,16
BRDA:4,10,1,13
BRDA:4,11,0,16
BRDA:4,11,1,16
BRDA:4,12,0,16
BRDA:4,12,1,16
BRDA:4,13,0,16
BRDA:4,13,1,16
BRDA:4,14,0,16
BRDA:4,14,1,16
BRDA:4,15,0,16
BRDA:4,15,1,15
BRDA:4,16,0,16
BRDA:4,16,1,16
BRDA:4,17,0,16
BRDA:4,17,1,16
BRDA:5,18,0,1
BRDA:5,19,0,11
BRDA:5,19,1,11
BRDA:5,19,2,10
BRDA:5,20,0,1
BRDA:5,21,0,1
BRDA:5,22,0,9
BRDA:5,22,1,1
BRDA:5,23,0,1
BRDA:5,24,0,1
BRDA:5,25,0,1
BRDA:5,26,0,1
BRDA:5,27,0,5
BRDA:5,27,1,1
BRF:50
BRH:50
end_of_record
TN:
SF:src/infrastructure/data-store.ts
FN:3,(anonymous_2)
FN:3,(anonymous_3)
FN:4,(anonymous_4)
FN:4,(anonymous_5)
FN:4,(anonymous_6)
FN:4,(anonymous_7)
FN:4,(anonymous_8)
FN:4,(anonymous_9)
FN:4,(anonymous_10)
FN:4,(anonymous_11)
FN:4,(anonymous_12)
FN:4,(anonymous_13)
FN:4,(anonymous_14)
FN:5,(anonymous_15)
FN:5,(anonymous_16)
FN:5,(anonymous_17)
FN:5,(anonymous_18)
FN:5,(anonymous_19)
FN:5,(anonymous_20)
FN:5,(anonymous_21)
FN:5,(anonymous_22)
FN:5,(anonymous_23)
FN:5,(anonymous_24)
FN:6,(anonymous_25)
FNF:24
FNH:14
FNDA:170,(anonymous_2)
FNDA:181,(anonymous_3)
FNDA:4,(anonymous_4)
FNDA:1,(anonymous_5)
FNDA:99,(anonymous_6)
FNDA:125,(anonymous_7)
FNDA:170,(anonymous_8)
FNDA:51,(anonymous_9)
FNDA:30,(anonymous_10)
FNDA:8,(anonymous_11)
FNDA:502,(anonymous_12)
FNDA:108,(anonymous_13)
FNDA:4,(anonymous_14)
FNDA:0,(anonymous_15)
FNDA:0,(anonymous_16)
FNDA:0,(anonymous_17)
FNDA:0,(anonymous_18)
FNDA:0,(anonymous_19)
FNDA:0,(anonymous_20)
FNDA:0,(anonymous_21)
FNDA:0,(anonymous_22)
FNDA:0,(anonymous_23)
FNDA:0,(anonymous_24)
FNDA:3,(anonymous_25)
DA:1,5
DA:3,181
DA:4,502
DA:5,5
DA:6,5
LF:5
LH:5
BRDA:3,0,0,0
BRDA:3,0,1,181
BRDA:4,1,0,99
BRDA:4,1,1,5
BRDA:4,2,0,22
BRDA:4,3,0,0
BRDA:4,4,0,0
BRDA:4,5,0,82
BRDA:4,6,0,4
BRDA:4,6,1,4
BRDA:4,7,0,4
BRDA:4,7,1,4
BRDA:5,8,0,0
BRDA:5,9,0,0
BRDA:5,10,0,0
BRDA:6,11,0,0
BRDA:6,11,1,3
BRF:17
BRH:10
end_of_record
TN:
SF:src/infrastructure/integrations.ts
FN:2,(anonymous_1)
FN:2,(anonymous_2)
FN:2,(anonymous_3)
FN:2,(anonymous_4)
FN:2,(anonymous_5)
FN:2,(anonymous_6)
FN:2,(anonymous_7)
FN:2,(anonymous_8)
FN:2,(anonymous_9)
FN:2,(anonymous_10)
FN:3,(anonymous_11)
FN:3,(anonymous_12)
FN:3,(anonymous_13)
FN:3,(anonymous_14)
FN:3,(anonymous_15)
FN:3,(anonymous_16)
FN:3,(anonymous_17)
FN:3,(anonymous_18)
FN:3,(anonymous_19)
FN:3,(anonymous_20)
FNF:20
FNH:13
FNDA:9,(anonymous_1)
FNDA:2,(anonymous_2)
FNDA:0,(anonymous_3)
FNDA:0,(anonymous_4)
FNDA:0,(anonymous_5)
FNDA:0,(anonymous_6)
FNDA:0,(anonymous_7)
FNDA:0,(anonymous_8)
FNDA:0,(anonymous_9)
FNDA:4,(anonymous_10)
FNDA:1,(anonymous_11)
FNDA:4,(anonymous_12)
FNDA:2,(anonymous_13)
FNDA:7,(anonymous_14)
FNDA:2,(anonymous_15)
FNDA:1,(anonymous_16)
FNDA:2,(anonymous_17)
FNDA:3,(anonymous_18)
FNDA:1,(anonymous_19)
FNDA:4,(anonymous_20)
DA:1,5
DA:2,9
DA:3,7
LF:3
LH:3
BRDA:2,0,0,0
BRDA:2,0,1,0
BRDA:2,1,0,0
BRDA:2,1,1,4
BRDA:3,2,0,1
BRDA:3,2,1,6
BRDA:3,3,0,1
BRDA:3,3,1,6
BRDA:3,4,0,1
BRDA:3,5,0,1
BRDA:3,5,1,0
BRDA:3,6,0,1
BRDA:3,6,1,0
BRDA:3,7,0,1
BRDA:3,8,0,2
BRDA:3,8,1,1
BRDA:3,9,0,0
BRDA:3,9,1,4
BRF:18
BRH:12
end_of_record
