{"total": {"lines":{"total":21,"covered":21,"skipped":0,"pct":100},"statements":{"total":21,"covered":21,"skipped":0,"pct":100},"functions":{"total":39,"covered":38,"skipped":0,"pct":97.43},"branches":{"total":68,"covered":58,"skipped":0,"pct":85.29},"branchesTrue":{"total":0,"covered":0,"skipped":0,"pct":100}}
,"/mnt/data/qingxier_full/admin/src/services/admin-api.ts": {"lines":{"total":8,"covered":8,"skipped":0,"pct":100},"functions":{"total":21,"covered":21,"skipped":0,"pct":100},"statements":{"total":8,"covered":8,"skipped":0,"pct":100},"branches":{"total":21,"covered":21,"skipped":0,"pct":100}}
,"/mnt/data/qingxier_full/admin/src/services/http.ts": {"lines":{"total":5,"covered":5,"skipped":0,"pct":100},"functions":{"total":8,"covered":7,"skipped":0,"pct":87.5},"statements":{"total":5,"covered":5,"skipped":0,"pct":100},"branches":{"total":14,"covered":12,"skipped":0,"pct":85.71}}
,"/mnt/data/qingxier_full/admin/src/stores/admin.ts": {"lines":{"total":2,"covered":2,"skipped":0,"pct":100},"functions":{"total":4,"covered":4,"skipped":0,"pct":100},"statements":{"total":2,"covered":2,"skipped":0,"pct":100},"branches":{"total":4,"covered":4,"skipped":0,"pct":100}}
,"/mnt/data/qingxier_full/admin/src/view-models/index.ts": {"lines":{"total":6,"covered":6,"skipped":0,"pct":100},"functions":{"total":6,"covered":6,"skipped":0,"pct":100},"statements":{"total":6,"covered":6,"skipped":0,"pct":100},"branches":{"total":29,"covered":21,"skipped":0,"pct":72.41}}
}
