{"total": {"lines":{"total":102,"covered":102,"skipped":0,"pct":100},"statements":{"total":102,"covered":102,"skipped":0,"pct":100},"functions":{"total":87,"covered":78,"skipped":0,"pct":89.65},"branches":{"total":124,"covered":113,"skipped":0,"pct":91.12},"branchesTrue":{"total":0,"covered":0,"skipped":0,"pct":100}}
,"/mnt/data/qingxier_full/miniprogram/src/services/api.ts": {"lines":{"total":53,"covered":53,"skipped":0,"pct":100},"functions":{"total":50,"covered":50,"skipped":0,"pct":100},"statements":{"total":53,"covered":53,"skipped":0,"pct":100},"branches":{"total":52,"covered":52,"skipped":0,"pct":100}}
,"/mnt/data/qingxier_full/miniprogram/src/services/ble.ts": {"lines":{"total":14,"covered":14,"skipped":0,"pct":100},"functions":{"total":10,"covered":5,"skipped":0,"pct":50},"statements":{"total":14,"covered":14,"skipped":0,"pct":100},"branches":{"total":13,"covered":11,"skipped":0,"pct":84.61}}
,"/mnt/data/qingxier_full/miniprogram/src/services/http.ts": {"lines":{"total":15,"covered":15,"skipped":0,"pct":100},"functions":{"total":4,"covered":3,"skipped":0,"pct":75},"statements":{"total":15,"covered":15,"skipped":0,"pct":100},"branches":{"total":11,"covered":9,"skipped":0,"pct":81.81}}
,"/mnt/data/qingxier_full/miniprogram/src/services/storage.ts": {"lines":{"total":8,"covered":8,"skipped":0,"pct":100},"functions":{"total":4,"covered":3,"skipped":0,"pct":75},"statements":{"total":8,"covered":8,"skipped":0,"pct":100},"branches":{"total":4,"covered":4,"skipped":0,"pct":100}}
,"/mnt/data/qingxier_full/miniprogram/src/stores/app.ts": {"lines":{"total":2,"covered":2,"skipped":0,"pct":100},"functions":{"total":2,"covered":2,"skipped":0,"pct":100},"statements":{"total":2,"covered":2,"skipped":0,"pct":100},"branches":{"total":2,"covered":2,"skipped":0,"pct":100}}
,"/mnt/data/qingxier_full/miniprogram/src/stores/auth.ts": {"lines":{"total":2,"covered":2,"skipped":0,"pct":100},"functions":{"total":6,"covered":5,"skipped":0,"pct":83.33},"statements":{"total":2,"covered":2,"skipped":0,"pct":100},"branches":{"total":5,"covered":5,"skipped":0,"pct":100}}
,"/mnt/data/qingxier_full/miniprogram/src/stores/device.ts": {"lines":{"total":2,"covered":2,"skipped":0,"pct":100},"functions":{"total":6,"covered":5,"skipped":0,"pct":83.33},"statements":{"total":2,"covered":2,"skipped":0,"pct":100},"branches":{"total":8,"covered":7,"skipped":0,"pct":87.5}}
,"/mnt/data/qingxier_full/miniprogram/src/view-models/index.ts": {"lines":{"total":6,"covered":6,"skipped":0,"pct":100},"functions":{"total":5,"covered":5,"skipped":0,"pct":100},"statements":{"total":6,"covered":6,"skipped":0,"pct":100},"branches":{"total":29,"covered":23,"skipped":0,"pct":79.31}}
}
